d:\githubgeneticmovedhere\231chess\orb sim\x64\debug\vc143.pdb
d:\githubgeneticmovedhere\231chess\orb sim\x64\debug\vc143.idb
d:\githubgeneticmovedhere\231chess\orb sim\x64\debug\uidraw.obj
d:\githubgeneticmovedhere\231chess\orb sim\x64\debug\point2d.obj
d:\githubgeneticmovedhere\231chess\orb sim\x64\debug\object.obj
d:\githubgeneticmovedhere\231chess\orb sim\x64\debug\gps.obj
d:\githubgeneticmovedhere\231chess\orb sim\x64\debug\uiinteract.obj
d:\githubgeneticmovedhere\231chess\orb sim\x64\debug\lab07.obj
d:\githubgeneticmovedhere\231chess\orb sim\x64\debug\lab07.pdb
d:\githubgeneticmovedhere\231chess\orb sim\x64\debug\lab07.tlog\cl.command.1.tlog
d:\githubgeneticmovedhere\231chess\orb sim\x64\debug\lab07.tlog\cl.read.1.tlog
d:\githubgeneticmovedhere\231chess\orb sim\x64\debug\lab07.tlog\cl.write.1.tlog
d:\githubgeneticmovedhere\231chess\orb sim\x64\debug\lab07.tlog\link-cvtres.read.1.tlog
d:\githubgeneticmovedhere\231chess\orb sim\x64\debug\lab07.tlog\link-cvtres.write.1.tlog
d:\githubgeneticmovedhere\231chess\orb sim\x64\debug\lab07.tlog\link-rc.read.1.tlog
d:\githubgeneticmovedhere\231chess\orb sim\x64\debug\lab07.tlog\link-rc.write.1.tlog
d:\githubgeneticmovedhere\231chess\orb sim\x64\debug\lab07.tlog\link.command.1.tlog
d:\githubgeneticmovedhere\231chess\orb sim\x64\debug\lab07.tlog\link.read.1.tlog
d:\githubgeneticmovedhere\231chess\orb sim\x64\debug\lab07.tlog\link.read.2.tlog
d:\githubgeneticmovedhere\231chess\orb sim\x64\debug\lab07.tlog\link.write.1.tlog
